<?xml version="1.0" encoding="UTF-8"?>
<!-- Generated by org.testng.reporters.JUnitReportReporter -->
<testsuite skipped="0" hostname="NayanaP-MSD" name="testSteps" tests="1" failures="0" timestamp="19 Feb 2018 09:29:56 GMT" time="70.213" errors="0">
  <testcase name="main" time="70.213" classname="testSteps"/>
</testsuite> <!-- testSteps -->
